Determining if the pthread_create exist failed with the following output:
Change Dir: /home/newbery/Documentos/ProducerConsumer/CMakeFiles/CMakeTmp

Run Build Command:"/usr/bin/make" "cmTC_e9564/fast"
/usr/bin/make -f CMakeFiles/cmTC_e9564.dir/build.make CMakeFiles/cmTC_e9564.dir/build
make[1]: se entra en el directorio '/home/newbery/Documentos/ProducerConsumer/CMakeFiles/CMakeTmp'
Building C object CMakeFiles/cmTC_e9564.dir/CheckSymbolExists.c.o
/usr/bin/cc    -o CMakeFiles/cmTC_e9564.dir/CheckSymbolExists.c.o   -c /home/newbery/Documentos/ProducerConsumer/CMakeFiles/CMakeTmp/CheckSymbolExists.c
Linking C executable cmTC_e9564
/usr/bin/cmake -E cmake_link_script CMakeFiles/cmTC_e9564.dir/link.txt --verbose=1
/usr/bin/cc      CMakeFiles/cmTC_e9564.dir/CheckSymbolExists.c.o  -o cmTC_e9564 
CMakeFiles/cmTC_e9564.dir/CheckSymbolExists.c.o: En la función `main':
CheckSymbolExists.c:(.text+0x1b): referencia a `pthread_create' sin definir
collect2: error: ld returned 1 exit status
CMakeFiles/cmTC_e9564.dir/build.make:97: recipe for target 'cmTC_e9564' failed
make[1]: *** [cmTC_e9564] Error 1
make[1]: se sale del directorio '/home/newbery/Documentos/ProducerConsumer/CMakeFiles/CMakeTmp'
Makefile:126: recipe for target 'cmTC_e9564/fast' failed
make: *** [cmTC_e9564/fast] Error 2

File /home/newbery/Documentos/ProducerConsumer/CMakeFiles/CMakeTmp/CheckSymbolExists.c:
/* */
#include <pthread.h>

int main(int argc, char** argv)
{
  (void)argv;
#ifndef pthread_create
  return ((int*)(&pthread_create))[argc];
#else
  (void)argc;
  return 0;
#endif
}

Determining if the function pthread_create exists in the pthreads failed with the following output:
Change Dir: /home/newbery/Documentos/ProducerConsumer/CMakeFiles/CMakeTmp

Run Build Command:"/usr/bin/make" "cmTC_56cb1/fast"
/usr/bin/make -f CMakeFiles/cmTC_56cb1.dir/build.make CMakeFiles/cmTC_56cb1.dir/build
make[1]: se entra en el directorio '/home/newbery/Documentos/ProducerConsumer/CMakeFiles/CMakeTmp'
Building C object CMakeFiles/cmTC_56cb1.dir/CheckFunctionExists.c.o
/usr/bin/cc   -DCHECK_FUNCTION_EXISTS=pthread_create   -o CMakeFiles/cmTC_56cb1.dir/CheckFunctionExists.c.o   -c /usr/share/cmake-3.10/Modules/CheckFunctionExists.c
Linking C executable cmTC_56cb1
/usr/bin/cmake -E cmake_link_script CMakeFiles/cmTC_56cb1.dir/link.txt --verbose=1
/usr/bin/cc  -DCHECK_FUNCTION_EXISTS=pthread_create    CMakeFiles/cmTC_56cb1.dir/CheckFunctionExists.c.o  -o cmTC_56cb1 -lpthreads 
/usr/bin/ld: no se puede encontrar -lpthreads
collect2: error: ld returned 1 exit status
CMakeFiles/cmTC_56cb1.dir/build.make:97: recipe for target 'cmTC_56cb1' failed
make[1]: *** [cmTC_56cb1] Error 1
make[1]: se sale del directorio '/home/newbery/Documentos/ProducerConsumer/CMakeFiles/CMakeTmp'
Makefile:126: recipe for target 'cmTC_56cb1/fast' failed
make: *** [cmTC_56cb1/fast] Error 2


